This is pdfTeX, Version 3.141592653-2.6-1.40.25 (TeX Live 2023) (preloaded format=pdflatex 2023.9.29)  8 NOV 2023 17:31
entering extended mode
 restricted \write18 enabled.
 file:line:error style messages enabled.
 %&-line parsing enabled.
**c:/Users/lelec/deliverables/deliverable2/del2
(c:/Users/lelec/deliverables/deliverable2/del2.tex
LaTeX2e <2022-11-01> patch level 1
L3 programming layer <2023-02-22> (c:/texlive/2023/texmf-dist/tex/latex/base/article.cls
Document Class: article 2022/07/02 v1.4n Standard LaTeX document class
(c:/texlive/2023/texmf-dist/tex/latex/base/size11.clo
File: size11.clo 2022/07/02 v1.4n Standard LaTeX file (size option)
)
\c@part=\count185
\c@section=\count186
\c@subsection=\count187
\c@subsubsection=\count188
\c@paragraph=\count189
\c@subparagraph=\count190
\c@figure=\count191
\c@table=\count192
\abovecaptionskip=\skip48
\belowcaptionskip=\skip49
\bibindent=\dimen140
) (c:/texlive/2023/texmf-dist/tex/latex/base/inputenc.sty
Package: inputenc 2021/02/14 v1.3d Input encoding file
\inpenc@prehook=\toks16
\inpenc@posthook=\toks17
) (c:/texlive/2023/texmf-dist/tex/generic/babel/babel.sty
Package: babel 2023/02/13 3.86 The Babel package
\babel@savecnt=\count193
\U@D=\dimen141
\l@unhyphenated=\language5
 (c:/texlive/2023/texmf-dist/tex/generic/babel/txtbabel.def)
\bbl@readstream=\read2
\bbl@dirlevel=\count194
 (c:/texlive/2023/texmf-dist/tex/generic/babel-italian/italian.ldf
Language: italian 2022/03/27 v.1.4.07 Italian support for the babel system


Package babel Warning: No hyphenation patterns were preloaded for
(babel)                the language 'Italian' into the format.
(babel)                Please, configure your TeX system to add them and
(babel)                rebuild the format. Now I will use the patterns
(babel)                preloaded for \language=0 instead on input line 21.

Package babel Info: Hyphen rules for 'italian' set to \l@english
(babel)             (\language0). Reported on input line 22.
\it@lettering=\count195
\it@doublequoteactive=\count196
\it@ISOcompliance=\count197
)) (c:/texlive/2023/texmf-dist/tex/generic/babel/locale/it/babel-italian.tex
Package babel Info: Importing font and identification data for italian
(babel)             from babel-it.ini. Reported on input line 11.
) (c:/texlive/2023/texmf-dist/tex/latex/etoolbox/etoolbox.sty
Package: etoolbox 2020/10/05 v2.5k e-TeX tools for LaTeX (JAW)
\etb@tempcnta=\count198
) (c:/texlive/2023/texmf-dist/tex/latex/graphics/graphicx.sty
Package: graphicx 2021/09/16 v1.2d Enhanced LaTeX Graphics (DPC,SPQR)
 (c:/texlive/2023/texmf-dist/tex/latex/graphics/keyval.sty
Package: keyval 2022/05/29 v1.15 key=value parser (DPC)
\KV@toks@=\toks18
) (c:/texlive/2023/texmf-dist/tex/latex/graphics/graphics.sty
Package: graphics 2022/03/10 v1.4e Standard LaTeX Graphics (DPC,SPQR)
 (c:/texlive/2023/texmf-dist/tex/latex/graphics/trig.sty
Package: trig 2021/08/11 v1.11 sin cos tan (DPC)
) (c:/texlive/2023/texmf-dist/tex/latex/graphics-cfg/graphics.cfg
File: graphics.cfg 2016/06/04 v1.11 sample graphics configuration
)
Package graphics Info: Driver file: pdftex.def on input line 107.
 (c:/texlive/2023/texmf-dist/tex/latex/graphics-def/pdftex.def
File: pdftex.def 2022/09/22 v1.2b Graphics/color driver for pdftex
))
\Gin@req@height=\dimen142
\Gin@req@width=\dimen143
) (c:/texlive/2023/texmf-dist/tex/latex/hyperref/hyperref.sty
Package: hyperref 2023-02-07 v7.00v Hypertext links for LaTeX
 (c:/texlive/2023/texmf-dist/tex/generic/ltxcmds/ltxcmds.sty
Package: ltxcmds 2020-05-10 v1.25 LaTeX kernel commands for general use (HO)
) (c:/texlive/2023/texmf-dist/tex/generic/iftex/iftex.sty
Package: iftex 2022/02/03 v1.0f TeX engine tests
) (c:/texlive/2023/texmf-dist/tex/generic/pdftexcmds/pdftexcmds.sty
Package: pdftexcmds 2020-06-27 v0.33 Utility functions of pdfTeX for LuaTeX (HO)
 (c:/texlive/2023/texmf-dist/tex/generic/infwarerr/infwarerr.sty
Package: infwarerr 2019/12/03 v1.5 Providing info/warning/error messages (HO)
)
Package pdftexcmds Info: \pdf@primitive is available.
Package pdftexcmds Info: \pdf@ifprimitive is available.
Package pdftexcmds Info: \pdfdraftmode found.
) (c:/texlive/2023/texmf-dist/tex/latex/kvsetkeys/kvsetkeys.sty
Package: kvsetkeys 2022-10-05 v1.19 Key value parser (HO)
) (c:/texlive/2023/texmf-dist/tex/generic/kvdefinekeys/kvdefinekeys.sty
Package: kvdefinekeys 2019-12-19 v1.6 Define keys (HO)
) (c:/texlive/2023/texmf-dist/tex/generic/pdfescape/pdfescape.sty
Package: pdfescape 2019/12/09 v1.15 Implements pdfTeX's escape features (HO)
) (c:/texlive/2023/texmf-dist/tex/latex/hycolor/hycolor.sty
Package: hycolor 2020-01-27 v1.10 Color options for hyperref/bookmark (HO)
) (c:/texlive/2023/texmf-dist/tex/latex/letltxmacro/letltxmacro.sty
Package: letltxmacro 2019/12/03 v1.6 Let assignment for LaTeX macros (HO)
) (c:/texlive/2023/texmf-dist/tex/latex/auxhook/auxhook.sty
Package: auxhook 2019-12-17 v1.6 Hooks for auxiliary files (HO)
) (c:/texlive/2023/texmf-dist/tex/latex/hyperref/nameref.sty
Package: nameref 2022-05-17 v2.50 Cross-referencing by name of section
 (c:/texlive/2023/texmf-dist/tex/latex/refcount/refcount.sty
Package: refcount 2019/12/15 v3.6 Data extraction from label references (HO)
) (c:/texlive/2023/texmf-dist/tex/generic/gettitlestring/gettitlestring.sty
Package: gettitlestring 2019/12/15 v1.6 Cleanup title references (HO)
 (c:/texlive/2023/texmf-dist/tex/latex/kvoptions/kvoptions.sty
Package: kvoptions 2022-06-15 v3.15 Key value format for package options (HO)
))
\c@section@level=\count199
)
\@linkdim=\dimen144
\Hy@linkcounter=\count266
\Hy@pagecounter=\count267
 (c:/texlive/2023/texmf-dist/tex/latex/hyperref/pd1enc.def
File: pd1enc.def 2023-02-07 v7.00v Hyperref: PDFDocEncoding definition (HO)
Now handling font encoding PD1 ...
... no UTF-8 mapping file for font encoding PD1
) (c:/texlive/2023/texmf-dist/tex/generic/intcalc/intcalc.sty
Package: intcalc 2019/12/15 v1.3 Expandable calculations with integers (HO)
) (c:/texlive/2023/texmf-dist/tex/generic/etexcmds/etexcmds.sty
Package: etexcmds 2019/12/15 v1.7 Avoid name clashes with e-TeX commands (HO)
)
\Hy@SavedSpaceFactor=\count268
 (c:/texlive/2023/texmf-dist/tex/latex/hyperref/puenc.def
File: puenc.def 2023-02-07 v7.00v Hyperref: PDF Unicode definition (HO)
Now handling font encoding PU ...
... no UTF-8 mapping file for font encoding PU
)
Package hyperref Info: Hyper figures OFF on input line 4177.
Package hyperref Info: Link nesting OFF on input line 4182.
Package hyperref Info: Hyper index ON on input line 4185.
Package hyperref Info: Plain pages OFF on input line 4192.
Package hyperref Info: Backreferencing OFF on input line 4197.
Package hyperref Info: Implicit mode ON; LaTeX internals redefined.
Package hyperref Info: Bookmarks ON on input line 4425.
\c@Hy@tempcnt=\count269
 (c:/texlive/2023/texmf-dist/tex/latex/url/url.sty
\Urlmuskip=\muskip16
Package: url 2013/09/16  ver 3.4  Verb mode for urls, etc.
)
LaTeX Info: Redefining \url on input line 4763.
\XeTeXLinkMargin=\dimen145
 (c:/texlive/2023/texmf-dist/tex/generic/bitset/bitset.sty
Package: bitset 2019/12/09 v1.3 Handle bit-vector datatype (HO)
 (c:/texlive/2023/texmf-dist/tex/generic/bigintcalc/bigintcalc.sty
Package: bigintcalc 2019/12/15 v1.5 Expandable calculations on big integers (HO)
))
\Fld@menulength=\count270
\Field@Width=\dimen146
\Fld@charsize=\dimen147
Package hyperref Info: Hyper figures OFF on input line 6042.
Package hyperref Info: Link nesting OFF on input line 6047.
Package hyperref Info: Hyper index ON on input line 6050.
Package hyperref Info: backreferencing OFF on input line 6057.
Package hyperref Info: Link coloring OFF on input line 6062.
Package hyperref Info: Link coloring with OCG OFF on input line 6067.
Package hyperref Info: PDF/A mode OFF on input line 6072.
 (c:/texlive/2023/texmf-dist/tex/latex/base/atbegshi-ltx.sty
Package: atbegshi-ltx 2021/01/10 v1.0c Emulation of the original atbegshi
package with kernel methods
)
\Hy@abspage=\count271
\c@Item=\count272
\c@Hfootnote=\count273
)
Package hyperref Info: Driver (autodetected): hpdftex.
 (c:/texlive/2023/texmf-dist/tex/latex/hyperref/hpdftex.def
File: hpdftex.def 2023-02-07 v7.00v Hyperref driver for pdfTeX
 (c:/texlive/2023/texmf-dist/tex/latex/base/atveryend-ltx.sty
Package: atveryend-ltx 2020/08/19 v1.0a Emulation of the original atveryend package
with kernel methods
)
\Fld@listcount=\count274
\c@bookmark@seq@number=\count275
 (c:/texlive/2023/texmf-dist/tex/latex/rerunfilecheck/rerunfilecheck.sty
Package: rerunfilecheck 2022-07-10 v1.10 Rerun checks for auxiliary files (HO)
 (c:/texlive/2023/texmf-dist/tex/generic/uniquecounter/uniquecounter.sty
Package: uniquecounter 2019/12/15 v1.4 Provide unlimited unique counter (HO)
)
Package uniquecounter Info: New unique counter `rerunfilecheck' on input line 285.
)
\Hy@SectionHShift=\skip50
) (c:/texlive/2023/texmf-dist/tex/latex/footmisc/footmisc.sty
Package: footmisc 2022/03/08 v6.0d a miscellany of footnote facilities
\FN@temptoken=\toks19
\footnotemargin=\dimen148
\@outputbox@depth=\dimen149
Package footmisc Info: Declaring symbol style bringhurst on input line 695.
Package footmisc Info: Declaring symbol style chicago on input line 703.
Package footmisc Info: Declaring symbol style wiley on input line 712.
Package footmisc Info: Declaring symbol style lamport-robust on input line 723.
Package footmisc Info: Declaring symbol style lamport* on input line 743.
Package footmisc Info: Declaring symbol style lamport*-robust on input line 764.
) (c:/texlive/2023/texmf-dist/tex/latex/float/float.sty
Package: float 2001/11/08 v1.3d Float enhancements (AL)
\c@float@type=\count276
\float@exts=\toks20
\float@box=\box51
\@float@everytoks=\toks21
\@floatcapt=\box52
) (c:/texlive/2023/texmf-dist/tex/latex/amscls/amsthm.sty
Package: amsthm 2020/05/29 v2.20.6
\thm@style=\toks22
\thm@bodyfont=\toks23
\thm@headfont=\toks24
\thm@notefont=\toks25
\thm@headpunct=\toks26
\thm@preskip=\skip51
\thm@postskip=\skip52
\thm@headsep=\skip53
\dth@everypar=\toks27
) (c:/texlive/2023/texmf-dist/tex/latex/tools/tabularx.sty
Package: tabularx 2020/01/15 v2.11c `tabularx' package (DPC)
 (c:/texlive/2023/texmf-dist/tex/latex/tools/array.sty
Package: array 2022/09/04 v2.5g Tabular extension package (FMi)
\col@sep=\dimen150
\ar@mcellbox=\box53
\extrarowheight=\dimen151
\NC@list=\toks28
\extratabsurround=\skip54
\backup@length=\skip55
\ar@cellbox=\box54
)
\TX@col@width=\dimen152
\TX@old@table=\dimen153
\TX@old@col=\dimen154
\TX@target=\dimen155
\TX@delta=\dimen156
\TX@cols=\count277
\TX@ftn=\toks29
) (c:/texlive/2023/texmf-dist/tex/latex/xcolor/xcolor.sty
Package: xcolor 2022/06/12 v2.14 LaTeX color extensions (UK)
 (c:/texlive/2023/texmf-dist/tex/latex/graphics-cfg/color.cfg
File: color.cfg 2016/01/02 v1.6 sample color configuration
)
Package xcolor Info: Driver file: pdftex.def on input line 227.
 (c:/texlive/2023/texmf-dist/tex/latex/colortbl/colortbl.sty
Package: colortbl 2022/06/20 v1.0f Color table columns (DPC)
\everycr=\toks30
\minrowclearance=\skip56
\rownum=\count278
) (c:/texlive/2023/texmf-dist/tex/latex/graphics/mathcolor.ltx)
Package xcolor Info: Model `cmy' substituted by `cmy0' on input line 1353.
Package xcolor Info: Model `hsb' substituted by `rgb' on input line 1357.
Package xcolor Info: Model `RGB' extended on input line 1369.
Package xcolor Info: Model `HTML' substituted by `rgb' on input line 1371.
Package xcolor Info: Model `Hsb' substituted by `hsb' on input line 1372.
Package xcolor Info: Model `tHsb' substituted by `hsb' on input line 1373.
Package xcolor Info: Model `HSB' substituted by `hsb' on input line 1374.
Package xcolor Info: Model `Gray' substituted by `gray' on input line 1375.
Package xcolor Info: Model `wave' substituted by `hsb' on input line 1376.
) (c:/texlive/2023/texmf-dist/tex/latex/enumitem/enumitem.sty
Package: enumitem 2019/06/20 v3.9 Customized lists
\labelindent=\skip57
\enit@outerparindent=\dimen157
\enit@toks=\toks31
\enit@inbox=\box55
\enit@count@id=\count279
\enitdp@description=\count280
) (c:/texlive/2023/texmf-dist/tex/latex/fancyhdr/fancyhdr.sty
Package: fancyhdr 2022/11/09 v4.1 Extensive control of page headers and footers
\f@nch@headwidth=\skip58
\f@nch@O@elh=\skip59
\f@nch@O@erh=\skip60
\f@nch@O@olh=\skip61
\f@nch@O@orh=\skip62
\f@nch@O@elf=\skip63
\f@nch@O@erf=\skip64
\f@nch@O@olf=\skip65
\f@nch@O@orf=\skip66
)
\c@funcreq=\count281
\c@nonfuncreq=\count282
\c@backend=\count283
\c@frontend=\count284
 (c:/texlive/2023/texmf-dist/tex/latex/l3backend/l3backend-pdftex.def
File: l3backend-pdftex.def 2023-01-16 L3 backend support: PDF output (pdfTeX)
\l__color_backend_stack_int=\count285
\l__pdf_internal_box=\box56
) (./del2.aux)
\openout1 = `del2.aux'.

LaTeX Font Info:    Checking defaults for OML/cmm/m/it on input line 57.
LaTeX Font Info:    ... okay on input line 57.
LaTeX Font Info:    Checking defaults for OMS/cmsy/m/n on input line 57.
LaTeX Font Info:    ... okay on input line 57.
LaTeX Font Info:    Checking defaults for OT1/cmr/m/n on input line 57.
LaTeX Font Info:    ... okay on input line 57.
LaTeX Font Info:    Checking defaults for T1/cmr/m/n on input line 57.
LaTeX Font Info:    ... okay on input line 57.
LaTeX Font Info:    Checking defaults for TS1/cmr/m/n on input line 57.
LaTeX Font Info:    ... okay on input line 57.
LaTeX Font Info:    Checking defaults for OMX/cmex/m/n on input line 57.
LaTeX Font Info:    ... okay on input line 57.
LaTeX Font Info:    Checking defaults for U/cmr/m/n on input line 57.
LaTeX Font Info:    ... okay on input line 57.
LaTeX Font Info:    Checking defaults for PD1/pdf/m/n on input line 57.
LaTeX Font Info:    ... okay on input line 57.
LaTeX Font Info:    Checking defaults for PU/pdf/m/n on input line 57.
LaTeX Font Info:    ... okay on input line 57.
LaTeX Info: Redefining \it@ocap on input line 57.
LaTeX Info: Redefining \it@ccap on input line 57.


File italian.ldf warning: 
italian.ldf    With OT1 encoding guillemets are poorly faked
italian.ldf    Use T1 encoding
italian.ldf    or specify a font with command \CaporaliFrom
italian.ldf    See the documentation concerning the babel-italian typesetting 
italian.ldf    on input line 57.

(c:/texlive/2023/texmf-dist/tex/context/base/mkii/supp-pdf.mkii
[Loading MPS to PDF converter (version 2006.09.02).]
\scratchcounter=\count286
\scratchdimen=\dimen158
\scratchbox=\box57
\nofMPsegments=\count287
\nofMParguments=\count288
\everyMPshowfont=\toks32
\MPscratchCnt=\count289
\MPscratchDim=\dimen159
\MPnumerator=\count290
\makeMPintoPDFobject=\count291
\everyMPtoPDFconversion=\toks33
) (c:/texlive/2023/texmf-dist/tex/latex/epstopdf-pkg/epstopdf-base.sty
Package: epstopdf-base 2020-01-24 v2.11 Base part for package epstopdf
Package epstopdf-base Info: Redefining graphics rule for `.eps' on input line 485.
 (c:/texlive/2023/texmf-dist/tex/latex/latexconfig/epstopdf-sys.cfg
File: epstopdf-sys.cfg 2010/07/13 v1.3 Configuration of (r)epstopdf for TeX Live
))
Package hyperref Info: Link coloring OFF on input line 57.
 (./del2.out) (./del2.out)
\@outlinefile=\write3
\openout3 = `del2.out'.

 (./materiale/elementi-copertina/copertina.tex
<materiale/elementi-copertina/UniTrento_logo_ITA_colore.png, id=132, 404.51125pt x 148.555pt>
File: materiale/elementi-copertina/UniTrento_logo_ITA_colore.png Graphic file (type png)
<use materiale/elementi-copertina/UniTrento_logo_ITA_colore.png>
Package pdftex.def Info: materiale/elementi-copertina/UniTrento_logo_ITA_colore.png  used on input line 8.
(pdftex.def)             Requested size: 108.0011pt x 39.66156pt.
LaTeX Font Info:    External font `cmex10' loaded for size
(Font)              <10.95> on input line 28.
LaTeX Font Info:    External font `cmex10' loaded for size
(Font)              <8> on input line 28.
LaTeX Font Info:    External font `cmex10' loaded for size
(Font)              <6> on input line 28.
 [1

{c:/texlive/2023/texmf-var/fonts/map/pdftex/updmap/pdftex.map} <./materiale/elementi-copertina/UniTrento_logo_ITA_colore.png>]) (./del2.toc)
\tf@toc=\write4
\openout4 = `del2.toc'.


pdfTeX warning (ext4): destination with the same identifier (name{page.1}) has been already used, duplicate ignored
<to be read again> 
                   \relax 
l.65 \newpage
              [1] [2]

pdfTeX warning: pdflatex.exe (file ./materiale/ucdiagrams/ucaccesso.pdf): PDF inclusion: found PDF version <1.7>, but at most version <1.5> allowed
<materiale/ucdiagrams/ucaccesso.pdf, id=191, 499.56639pt x 384.33588pt>
File: materiale/ucdiagrams/ucaccesso.pdf Graphic file (type pdf)
<use materiale/ucdiagrams/ucaccesso.pdf>
Package pdftex.def Info: materiale/ucdiagrams/ucaccesso.pdf  used on input line 97.
(pdftex.def)             Requested size: 419.6329pt x 322.83992pt.

Overfull \hbox (42.1494pt too wide) in paragraph at lines 96--98
 []|  [] 
 []

[3{c:/texlive/2023/texmf-dist/fonts/enc/dvips/cm-super/cm-super-ts1.enc}
pdfTeX warning (ext4): destination with the same identifier (name{figure.1}) has been already used, duplicate ignored
<argument> ...shipout:D \box_use:N \l_shipout_box 
                                                  \__shipout_drop_firstpage_...
l.105     \item[Riassunto:]
                            Questo Use Case descrive come l'utente anonimo deve <./materiale/ucdiagrams/ucaccesso.pdf>] [4] [5] [6]
LaTeX Font Info:    Font shape `OT1/cmtt/bx/n' in size <12> not available
(Font)              Font shape `OT1/cmtt/m/n' tried instead on input line 199.


pdfTeX warning: pdflatex.exe (file ./materiale/ucdiagrams/ucproblemi.pdf): PDF inclusion: found PDF version <1.7>, but at most version <1.5> allowed
<materiale/ucdiagrams/ucproblemi.pdf, id=254, 659.86528pt x 579.46486pt>
File: materiale/ucdiagrams/ucproblemi.pdf Graphic file (type pdf)
<use materiale/ucdiagrams/ucproblemi.pdf>
Package pdftex.def Info: materiale/ucdiagrams/ucproblemi.pdf  used on input line 209.
(pdftex.def)             Requested size: 376.12712pt x 330.2984pt.

Overfull \hbox (4.33409pt too wide) in paragraph at lines 208--210
 []|  [] 
 []

[7
pdfTeX warning (ext4): destination with the same identifier (name{figure.2}) has been already used, duplicate ignored
<argument> ...shipout:D \box_use:N \l_shipout_box 
                                                  \__shipout_drop_firstpage_...
l.217     \item[Riassunto:]
                            Questo Use Case descrive come l'utente amministr... <./materiale/ucdiagrams/ucproblemi.pdf>] [8] [9]

pdfTeX warning: pdflatex.exe (file ./materiale/ucdiagrams/ucesercitazione.pdf): PDF inclusion: found PDF version <1.7>, but at most version <1.5> allowed
<materiale/ucdiagrams/ucesercitazione.pdf, id=318, 515.32527pt x 471.96326pt>
File: materiale/ucdiagrams/ucesercitazione.pdf Graphic file (type pdf)
<use materiale/ucdiagrams/ucesercitazione.pdf>
Package pdftex.def Info: materiale/ucdiagrams/ucesercitazione.pdf  used on input line 272.
(pdftex.def)             Requested size: 412.26077pt x 377.57112pt.

Overfull \hbox (26.24136pt too wide) in paragraph at lines 271--273
 []|  [] 
 []

[10
pdfTeX warning (ext4): destination with the same identifier (name{figure.3}) has been already used, duplicate ignored
<argument> ...shipout:D \box_use:N \l_shipout_box 
                                                  \__shipout_drop_firstpage_...
l.281 \newpage
               <./materiale/ucdiagrams/ucesercitazione.pdf>]

pdfTeX warning: pdflatex.exe (file ./materiale/ucdiagrams/ucaccount.pdf): PDF inclusion: found PDF version <1.7>, but at most version <1.5> allowed
<materiale/ucdiagrams/ucaccount.pdf, id=358, 552.8655pt x 460.21938pt>
File: materiale/ucdiagrams/ucaccount.pdf Graphic file (type pdf)
<use materiale/ucdiagrams/ucaccount.pdf>
Package pdftex.def Info: materiale/ucdiagrams/ucaccount.pdf  used on input line 292.
(pdftex.def)             Requested size: 442.29298pt x 368.176pt.

Overfull \hbox (44.89264pt too wide) in paragraph at lines 291--293
 []|  [] 
 []

[11
pdfTeX warning (ext4): destination with the same identifier (name{figure.4}) has been already used, duplicate ignored
<argument> ...shipout:D \box_use:N \l_shipout_box 
                                                  \__shipout_drop_firstpage_...
l.296 \newpage
               <./materiale/ucdiagrams/ucaccount.pdf>]

pdfTeX warning: pdflatex.exe (file ./materiale/ucdiagrams/swimlaneemail.pdf): PDF inclusion: found PDF version <1.7>, but at most version <1.5> allowed
<materiale/ucdiagrams/swimlaneemail.pdf, id=393, 479.19025pt x 673.4159pt>
File: materiale/ucdiagrams/swimlaneemail.pdf Graphic file (type pdf)
<use materiale/ucdiagrams/swimlaneemail.pdf>
Package pdftex.def Info: materiale/ucdiagrams/swimlaneemail.pdf  used on input line 303.
(pdftex.def)             Requested size: 311.46997pt x 437.71515pt.
[12
pdfTeX warning (ext4): destination with the same identifier (name{figure.5}) has been already used, duplicate ignored
<argument> ...shipout:D \box_use:N \l_shipout_box 
                                                  \__shipout_drop_firstpage_...
l.313 
       <./materiale/ucdiagrams/swimlaneemail.pdf>]

pdfTeX warning: pdflatex.exe (file ./materiale/ucdiagrams/swimlanepassword.pdf): PDF inclusion: found PDF version <1.7>, but at most version <1.5> allowed
<materiale/ucdiagrams/swimlanepassword.pdf, id=436, 479.19025pt x 536.60472pt>
File: materiale/ucdiagrams/swimlanepassword.pdf Graphic file (type pdf)
<use materiale/ucdiagrams/swimlanepassword.pdf>
Package pdftex.def Info: materiale/ucdiagrams/swimlanepassword.pdf  used on input line 316.
(pdftex.def)             Requested size: 311.46997pt x 348.78893pt.
[13
pdfTeX warning (ext4): destination with the same identifier (name{figure.6}) has been already used, duplicate ignored
<argument> ...shipout:D \box_use:N \l_shipout_box 
                                                  \__shipout_drop_firstpage_...
l.322 \newpage
               <./materiale/ucdiagrams/swimlanepassword.pdf>]
Underfull \hbox (badness 1394) in paragraph at lines 346--346
[]|\OT1/cmr/m/n/9 Memorizzazione dei dati
 []


Underfull \hbox (badness 6658) in paragraph at lines 346--346
[]|\OT1/cmr/m/n/9 Capacit^^Ra di sup-port-are
 []


Underfull \hbox (badness 10000) in paragraph at lines 346--346
\OT1/cmr/m/n/9 un nu-mero cres-cente
 []


Underfull \hbox (badness 10000) in paragraph at lines 346--346
\OT1/cmr/m/n/9 di lin-guag-gi di pro-
 []


Underfull \hbox (badness 5050) in paragraph at lines 346--346
\OT1/cmr/m/n/9 gram-mazione, utili al-la
 []


Underfull \hbox (badness 3058) in paragraph at lines 346--346
\OT1/cmr/m/n/9 scrit-tura degli al-go-rit-mi
 []


Underfull \hbox (badness 1418) in paragraph at lines 346--346
\OT1/cmr/m/n/9 ma, ven-gono sup-por-t-ate
 []


Underfull \hbox (badness 10000) in paragraph at lines 346--346
\OT1/cmr/m/n/9 uti-liz-zate dei lin-guag-gi
 []


Underfull \hbox (badness 6332) in paragraph at lines 346--346
\OT1/cmr/m/n/9 di pro-gram-mazione pi^^Ru
 []


Underfull \hbox (badness 3039) in paragraph at lines 346--346
\OT1/cmr/m/n/9 popo-lari (C++11). Il
 []


Underfull \hbox (badness 10000) in paragraph at lines 371--371
[]|\OT1/cmr/m/n/9 La pi-attafor-ma del
 []


Underfull \hbox (badness 10000) in paragraph at lines 371--371
\OT1/cmr/m/n/9 at-traver-so le ver-sioni
 []


Underfull \hbox (badness 10000) in paragraph at lines 371--371
\OT1/cmr/m/n/9 La com-pat-i-bilit^^Ra deve
 []

[14]
Underfull \hbox (badness 2837) in paragraph at lines 401--401
\OT1/cmr/m/n/9 ter-fac-cia e dis-tribuzione
 []


Underfull \hbox (badness 2635) in paragraph at lines 401--401
[]|\OT1/cmr/m/n/9 Accostamento dei col-ori
 []


Underfull \hbox (badness 2134) in paragraph at lines 401--401
\OT1/cmr/m/n/9 bilit^^Ra e al-la lim-i-tazione
 []


Underfull \hbox (badness 10000) in paragraph at lines 401--401
\OT1/cmr/m/n/9 del-l'af-fati-ca-men-to del-la
 []


Underfull \hbox (badness 10000) in paragraph at lines 415--415
[]|\OT1/cmr/m/n/9 L'interfaccia gen-erale
 []


Underfull \hbox (badness 10000) in paragraph at lines 415--415
\OT1/cmr/m/n/9 le risorse mul-ti-me-di-ali
 []


Underfull \hbox (badness 10000) in paragraph at lines 415--415
\OT1/cmr/m/n/9 (video-suggerimento)
 []


Underfull \hbox (badness 5787) in paragraph at lines 431--431
\OT1/cmr/m/n/9 di lo-gin e home (per
 []


Underfull \hbox (badness 1072) in paragraph at lines 431--431
\OT1/cmr/m/n/9 per ef-fet-tuare una tran-
 []


Underfull \hbox (badness 1552) in paragraph at lines 447--447
\OT1/cmr/m/n/9 per mo-tivi di manuten-
 []

[15]
Underfull \hbox (badness 2343) in paragraph at lines 461--461
\OT1/cmr/m/n/9 guasti al 98% en-tro le
 []


Underfull \hbox (badness 3302) in paragraph at lines 477--477
\OT1/cmr/m/n/9 ti-co-lare, i dati per-son-
 []


Underfull \hbox (badness 2393) in paragraph at lines 477--477
\OT1/cmr/m/n/9 ali del-l'u-tente reg-is-tra-to
 []


Underfull \hbox (badness 3302) in paragraph at lines 477--477
\OT1/cmr/m/n/9 gati in al-cun mo-do e,
 []


Underfull \hbox (badness 5490) in paragraph at lines 477--477
[]|\OT1/cmr/m/n/9 Conformit^^Ra del servizio
 []


Underfull \hbox (badness 10000) in paragraph at lines 477--477
\OT1/cmr/m/n/9 del-l'u-tente (elim-i-nazione
 []


Underfull \hbox (badness 1259) in paragraph at lines 491--491
[]|\OT1/cmr/m/n/9 Impiego di pro-to-col-li di
 []


Underfull \hbox (badness 4193) in paragraph at lines 491--491
\OT1/cmr/m/n/9 e ris-er-vatez-za delle in-
 []


Underfull \hbox (badness 10000) in paragraph at lines 491--491
[]|\OT1/cmr/m/n/9 Utilizzo del pro-to-col-lo
 []

(c:/texlive/2023/texmf-dist/tex/latex/base/omscmr.fd)
Underfull \hbox (badness 10000) in paragraph at lines 505--505
[]|\OT1/cmr/m/n/9 Quantit^^Ra e va-ri-et^^Ra di
 []


Underfull \hbox (badness 10000) in paragraph at lines 505--505
\OT1/cmr/m/n/9 carat-teri nec-es-sari per
 []


Underfull \hbox (badness 3525) in paragraph at lines 505--505
\OT1/cmr/m/n/9 com-porre una pass-word
 []


Underfull \hbox (badness 2799) in paragraph at lines 505--505
[]|\OT1/cmr/m/n/9 Una pass-word con-forme
 []

[16]

pdfTeX warning: pdflatex.exe (file ./materiale/contextdiagram.pdf): PDF inclusion: found PDF version <1.7>, but at most version <1.5> allowed
<materiale/contextdiagram.pdf, id=501, 770.57889pt x 562.80264pt>
File: materiale/contextdiagram.pdf Graphic file (type pdf)
<use materiale/contextdiagram.pdf>
Package pdftex.def Info: materiale/contextdiagram.pdf  used on input line 554.
(pdftex.def)             Requested size: 462.3509pt x 337.68419pt.

Overfull \hbox (53.5692pt too wide) in paragraph at lines 553--555
 []|  [] 
 []

[17] [18
pdfTeX warning (ext4): destination with the same identifier (name{figure.7}) has been already used, duplicate ignored
<argument> ...shipout:D \box_use:N \l_shipout_box 
                                                  \__shipout_drop_firstpage_...
l.577 
       <./materiale/contextdiagram.pdf>]
Underfull \hbox (badness 10000) in paragraph at lines 582--600

 []


Underfull \hbox (badness 10000) in paragraph at lines 582--600

 []


Underfull \hbox (badness 10000) in paragraph at lines 582--600

 []


Underfull \hbox (badness 10000) in paragraph at lines 582--600

 []

[19]
Underfull \hbox (badness 10000) in paragraph at lines 625--630

 []


Underfull \hbox (badness 10000) in paragraph at lines 631--634

 []


Underfull \hbox (badness 10000) in paragraph at lines 635--649

 []


Underfull \hbox (badness 10000) in paragraph at lines 635--649

 []


Underfull \hbox (badness 10000) in paragraph at lines 635--649

 []


Underfull \hbox (badness 10000) in paragraph at lines 635--649

 []


Underfull \hbox (badness 10000) in paragraph at lines 635--649

 []

[20]
Underfull \hbox (badness 10000) in paragraph at lines 651--655

 []


Underfull \hbox (badness 10000) in paragraph at lines 657--667

 []


Underfull \hbox (badness 10000) in paragraph at lines 657--667

 []

[21]
Underfull \hbox (badness 10000) in paragraph at lines 668--672

 []


Underfull \hbox (badness 10000) in paragraph at lines 673--684

 []


Underfull \hbox (badness 10000) in paragraph at lines 673--684

 []


Underfull \hbox (badness 10000) in paragraph at lines 685--696

 []


Underfull \hbox (badness 10000) in paragraph at lines 685--696

 []


Overfull \hbox (44.29877pt too wide) in paragraph at lines 685--696
[]$\OT1/cmr/m/n/10.95 : Email e pass-word For-ni-ti dal-l'u-tente du-rante lo-gin/registrazione 
 []

[22]
Underfull \hbox (badness 10000) in paragraph at lines 697--703

 []


Underfull \hbox (badness 10000) in paragraph at lines 705--711

 []


Underfull \hbox (badness 10000) in paragraph at lines 705--711

 []


Underfull \hbox (badness 10000) in paragraph at lines 705--711

 []


Underfull \hbox (badness 10000) in paragraph at lines 713--720

 []


Underfull \hbox (badness 10000) in paragraph at lines 713--720

 []


Underfull \hbox (badness 10000) in paragraph at lines 713--720

 []

[23]
Underfull \hbox (badness 10000) in paragraph at lines 722--727

 []


Underfull \hbox (badness 10000) in paragraph at lines 722--727

 []

<materiale/site-ux.jpg, id=591, 497.35812pt x 536.50438pt>
File: materiale/site-ux.jpg Graphic file (type jpg)
<use materiale/site-ux.jpg>
Package pdftex.def Info: materiale/site-ux.jpg  used on input line 729.
(pdftex.def)             Requested size: 431.9989pt x 466.01009pt.

Overfull \hbox (71.9989pt too wide) in paragraph at lines 729--730
 [] 
 []

[24]
<materiale/login-component.jpg, id=597, 568.1225pt x 539.51563pt>
File: materiale/login-component.jpg Graphic file (type jpg)
<use materiale/login-component.jpg>
Package pdftex.def Info: materiale/login-component.jpg  used on input line 733.
(pdftex.def)             Requested size: 431.9989pt x 410.2584pt.

Overfull \hbox (71.9989pt too wide) in paragraph at lines 733--734
 [] 
 []

[25 <./materiale/site-ux.jpg>] [26 <./materiale/login-component.jpg>] (./del2.aux)
Package rerunfilecheck Info: File `del2.out' has not changed.
(rerunfilecheck)             Checksum: 829BC9D484B5808DA2F0B0458150FAE2;5140.
 ) 
Here is how much of TeX's memory you used:
 11320 strings out of 477942
 180174 string characters out of 5838515
 1867382 words of memory out of 5000000
 31245 multiletter control sequences out of 15000+600000
 522509 words of font info for 66 fonts, out of 8000000 for 9000
 36 hyphenation exceptions out of 8191
 75i,11n,76p,543b,682s stack positions out of 10000i,1000n,20000p,200000b,200000s
<c:/texlive/2023/texmf-dist/fonts/type1/public/amsfonts/cm/cmbx10.pfb><c:/texlive/2023/texmf-dist/fonts/type1/public/amsfonts/cm/cmbx12.pfb><c:/texlive/2023/texmf-dist/fonts/type1/public/amsfonts/cm/cmbxti10.pfb><c:/texlive/2023/texmf-dist/fonts/type1/public/amsfonts/cm/cmcsc10.pfb><c:/texlive/2023/texmf-dist/fonts/type1/public/amsfonts/cm/cmr10.pfb><c:/texlive/2023/texmf-dist/fonts/type1/public/amsfonts/cm/cmr12.pfb><c:/texlive/2023/texmf-dist/fonts/type1/public/amsfonts/cm/cmr9.pfb><c:/texlive/2023/texmf-dist/fonts/type1/public/amsfonts/cm/cmsy9.pfb><c:/texlive/2023/texmf-dist/fonts/type1/public/amsfonts/cm/cmti10.pfb><c:/texlive/2023/texmf-dist/fonts/type1/public/amsfonts/cm/cmti12.pfb><c:/texlive/2023/texmf-dist/fonts/type1/public/amsfonts/cm/cmti9.pfb><c:/texlive/2023/texmf-dist/fonts/type1/public/amsfonts/cm/cmtt10.pfb><c:/texlive/2023/texmf-dist/fonts/type1/public/amsfonts/cm/cmtt9.pfb><c:/texlive/2023/texmf-dist/fonts/type1/public/cm-super/sfrm0900.pfb><c:/texlive/2023/texmf-dist/fonts/type1/public/cm-super/sfrm1095.pfb>
Output written on del2.pdf (27 pages, 545465 bytes).
PDF statistics:
 698 PDF objects out of 1000 (max. 8388607)
 614 compressed objects within 7 object streams
 109 named destinations out of 1000 (max. 500000)
 307 words of extra memory for PDF output out of 10000 (max. 10000000)

