\BOOKMARK [1][-]{section.1}{\376\377\000R\000e\000q\000u\000i\000s\000i\000t\000i\000\040\000f\000u\000n\000z\000i\000o\000n\000a\000l\000i}{}% 1
\BOOKMARK [2][-]{subsection.1.1}{\376\377\000A\000c\000c\000e\000s\000s\000o}{section.1}% 2
\BOOKMARK [2][-]{subsection.1.2}{\376\377\000C\000o\000n\000s\000u\000l\000t\000a\000z\000i\000o\000n\000e\000\040\000d\000e\000i\000\040\000p\000r\000o\000b\000l\000e\000m\000i}{section.1}% 3
\BOOKMARK [2][-]{subsection.1.3}{\376\377\000E\000s\000e\000r\000c\000i\000t\000a\000z\000i\000o\000n\000e}{section.1}% 4
\BOOKMARK [2][-]{subsection.1.4}{\376\377\000G\000e\000s\000t\000i\000o\000n\000e\000\040\000d\000e\000l\000\040\000p\000r\000o\000f\000i\000l\000o\000\040\000e\000\040\000d\000e\000l\000l\000'\000a\000c\000c\000o\000u\000n\000t}{section.1}% 5
\BOOKMARK [1][-]{section.2}{\376\377\000R\000e\000q\000u\000i\000s\000i\000t\000i\000\040\000n\000o\000n\000\040\000f\000u\000n\000z\000i\000o\000n\000a\000l\000i}{}% 6
\BOOKMARK [2][-]{subsection.2.1}{\376\377\000C\000a\000r\000a\000t\000t\000e\000r\000i\000s\000t\000i\000c\000h\000e\000\040\000d\000i\000\040\000s\000i\000s\000t\000e\000m\000a}{section.2}% 7
\BOOKMARK [2][-]{subsection.2.2}{\376\377\000A\000f\000f\000i\000d\000a\000b\000i\000l\000i\000t\000\340}{section.2}% 8
\BOOKMARK [2][-]{subsection.2.3}{\376\377\000P\000r\000i\000v\000a\000c\000y\000\040\000e\000\040\000s\000i\000c\000u\000r\000e\000z\000z\000a}{section.2}% 9
\BOOKMARK [1][-]{section.3}{\376\377\000A\000n\000a\000l\000i\000s\000i\000\040\000d\000e\000l\000\040\000c\000o\000n\000t\000e\000s\000t\000o}{}% 10
\BOOKMARK [2][-]{subsection.3.1}{\376\377\000U\000t\000e\000n\000t\000i\000\040\000e\000\040\000s\000i\000s\000t\000e\000m\000i\000\040\000e\000s\000t\000e\000r\000n\000i}{section.3}% 11
\BOOKMARK [3][-]{subsubsection.3.1.1}{\376\377\000U\000t\000e\000n\000t\000e}{subsection.3.1}% 12
\BOOKMARK [3][-]{subsubsection.3.1.2}{\376\377\000F\000i\000r\000e\000b\000a\000s\000e\000\040\000D\000B}{subsection.3.1}% 13
\BOOKMARK [3][-]{subsubsection.3.1.3}{\376\377\000G\000o\000o\000g\000l\000e\000\040\000S\000i\000g\000n\000-\000I\000n}{subsection.3.1}% 14
\BOOKMARK [3][-]{subsubsection.3.1.4}{\376\377\000Y\000o\000u\000T\000u\000b\000e}{subsection.3.1}% 15
\BOOKMARK [3][-]{subsubsection.3.1.5}{\376\377\000S\000e\000r\000v\000i\000z\000i\000o\000\040\000d\000i\000\040\000p\000o\000s\000t\000a\000\040\000e\000l\000e\000t\000t\000r\000o\000n\000i\000c\000a}{subsection.3.1}% 16
\BOOKMARK [2][-]{subsection.3.2}{\376\377\000D\000i\000a\000g\000r\000a\000m\000m\000a\000\040\000d\000i\000\040\000c\000o\000n\000t\000e\000s\000t\000o}{section.3}% 17
\BOOKMARK [1][-]{section.4}{\376\377\000A\000n\000a\000l\000i\000s\000i\000\040\000d\000e\000i\000\040\000c\000o\000m\000p\000o\000n\000e\000n\000t\000i}{}% 18
\BOOKMARK [2][-]{subsection.4.1}{\376\377\000D\000e\000f\000i\000n\000i\000z\000i\000o\000n\000e\000\040\000d\000e\000i\000\040\000c\000o\000m\000p\000o\000n\000e\000n\000t\000i}{section.4}% 19
\BOOKMARK [3][-]{subsubsection.4.1.1}{\376\377\000U\000t\000e\000n\000t\000e\000\040\000n\000o\000n\000\040\000a\000u\000t\000e\000n\000t\000i\000c\000a\000t\000o}{subsection.4.1}% 20
\BOOKMARK [3][-]{subsubsection.4.1.2}{\376\377\000H\000o\000m\000e\000\040\000P\000a\000g\000e}{subsection.4.1}% 21
\BOOKMARK [3][-]{subsubsection.4.1.3}{\376\377\000C\000a\000t\000a\000l\000o\000g\000o\000\040\000D\000e\000i\000\040\000P\000r\000o\000b\000l\000e\000m\000i}{subsection.4.1}% 22
\BOOKMARK [3][-]{subsubsection.4.1.4}{\376\377\000U\000t\000e\000n\000t\000e\000\040\000A\000m\000m\000i\000n\000i\000s\000t\000r\000a\000t\000o\000r\000e}{subsection.4.1}% 23
\BOOKMARK [3][-]{subsubsection.4.1.5}{\376\377\000P\000a\000g\000i\000n\000a\000\040\000P\000r\000o\000b\000l\000e\000m\000a\000\040\000S\000p\000e\000c\000i\000f\000i\000c\000o}{subsection.4.1}% 24
\BOOKMARK [3][-]{subsubsection.4.1.6}{\376\377\000U\000t\000e\000n\000t\000e\000\040\000A\000u\000t\000e\000n\000t\000i\000c\000a\000t\000o}{subsection.4.1}% 25
\BOOKMARK [3][-]{subsubsection.4.1.7}{\376\377\000P\000a\000g\000i\000n\000a\000\040\000A\000u\000t\000e\000n\000t\000i\000c\000a\000z\000i\000o\000n\000e}{subsection.4.1}% 26
\BOOKMARK [3][-]{subsubsection.4.1.8}{\376\377\000A\000u\000t\000e\000n\000t\000i\000c\000a\000z\000i\000o\000n\000e}{subsection.4.1}% 27
\BOOKMARK [3][-]{subsubsection.4.1.9}{\376\377\000G\000e\000s\000t\000o\000r\000e\000\040\000A\000c\000c\000o\000u\000n\000t}{subsection.4.1}% 28
\BOOKMARK [3][-]{subsubsection.4.1.10}{\376\377\000M\000o\000d\000i\000f\000i\000c\000a\000\040\000P\000a\000s\000s\000w\000o\000r\000d}{subsection.4.1}% 29
\BOOKMARK [3][-]{subsubsection.4.1.11}{\376\377\000M\000o\000d\000i\000f\000i\000c\000a\000\040\000E\000m\000a\000i\000l}{subsection.4.1}% 30
\BOOKMARK [3][-]{subsubsection.4.1.12}{\376\377\000P\000a\000g\000i\000n\000a\000\040\000R\000e\000c\000u\000p\000e\000r\000o\000\040\000P\000a\000s\000s\000w\000o\000r\000d}{subsection.4.1}% 31
\BOOKMARK [2][-]{subsection.4.2}{\376\377\000D\000i\000a\000g\000r\000a\000m\000m\000i\000\040\000d\000e\000i\000\040\000c\000o\000m\000p\000o\000n\000e\000n\000t\000i}{section.4}% 32
